SF:lib/data/expenses/models/expense_model.dart
DA:9,0
DA:18,0
DA:26,0
DA:27,0
DA:28,0
DA:29,0
DA:30,0
DA:31,0
DA:48,2
DA:62,0
DA:63,0
DA:65,0
DA:66,0
DA:67,0
DA:69,0
DA:70,0
DA:73,0
DA:74,0
DA:78,0
DA:79,0
DA:80,0
DA:81,0
DA:82,0
DA:83,0
DA:84,0
DA:85,0
DA:86,0
DA:87,0
DA:88,0
DA:89,0
DA:94,0
DA:95,0
DA:97,0
DA:99,0
DA:100,0
DA:101,0
DA:103,0
DA:104,0
DA:105,0
DA:110,0
DA:111,0
DA:112,0
DA:113,0
DA:114,0
DA:115,0
DA:118,0
DA:119,0
DA:120,0
DA:121,0
DA:122,0
DA:123,0
DA:124,0
LF:52
LH:1
end_of_record
SF:lib/presentation/home/widgets/edit_expense_dialog.dart
DA:7,1
DA:12,1
DA:13,1
DA:34,1
DA:36,1
DA:37,4
DA:38,4
DA:39,4
DA:40,4
DA:41,7
DA:42,6
DA:43,5
DA:44,6
DA:45,6
DA:48,1
DA:50,1
DA:52,1
DA:53,1
DA:55,1
DA:56,1
DA:57,1
DA:58,1
DA:59,1
DA:60,0
DA:61,0
DA:62,0
DA:70,1
DA:71,1
DA:72,0
DA:73,0
DA:75,0
DA:76,0
DA:77,0
DA:81,0
DA:82,0
DA:83,0
DA:84,0
DA:89,1
DA:95,1
DA:96,1
DA:97,1
DA:98,0
DA:99,0
DA:100,0
DA:108,1
DA:109,2
DA:112,1
DA:113,1
DA:114,0
DA:115,0
DA:116,0
DA:124,1
DA:125,2
DA:128,1
DA:129,1
DA:130,0
DA:131,0
DA:132,0
DA:140,1
DA:141,2
DA:147,1
DA:148,1
DA:152,1
DA:153,2
DA:154,10
DA:161,0
DA:162,0
DA:166,0
LF:68
LH:44
end_of_record
SF:lib/presentation/home/widgets/expenses_list.dart
DA:6,2
DA:12,2
DA:13,2
DA:18,2
DA:20,2
DA:22,2
DA:23,6
DA:24,2
DA:25,6
DA:26,2
DA:27,14
DA:28,2
DA:29,2
DA:30,2
DA:32,2
DA:33,2
DA:40,2
DA:42,2
DA:43,2
DA:45,2
DA:46,2
DA:47,2
DA:49,10
DA:52,2
DA:54,2
DA:55,6
DA:56,2
DA:57,1
DA:63,2
DA:64,2
DA:65,1
DA:66,1
DA:69,1
DA:71,1
DA:72,2
DA:73,3
DA:74,2
DA:75,1
DA:77,3
DA:79,1
DA:81,1
DA:82,1
DA:83,1
DA:84,1
DA:86,1
DA:87,1
DA:89,1
DA:90,3
DA:96,1
DA:102,1
DA:103,1
DA:104,1
DA:106,1
DA:107,1
DA:109,1
DA:110,1
DA:111,1
DA:115,1
DA:116,2
DA:119,1
DA:123,1
DA:124,2
DA:125,3
DA:133,1
DA:150,2
LF:65
LH:65
end_of_record
SF:lib/presentation/home/home_bloc.dart
DA:40,0
DA:53,0
DA:54,0
DA:57,0
DA:59,0
DA:61,0
DA:62,0
DA:64,0
DA:65,0
DA:71,0
DA:77,0
DA:78,0
DA:80,0
DA:81,0
DA:82,0
DA:84,0
DA:89,0
DA:91,0
DA:95,0
DA:96,0
DA:98,0
DA:99,0
DA:101,0
DA:104,0
DA:107,0
DA:108,0
DA:109,0
DA:111,0
DA:114,0
DA:117,0
DA:119,0
DA:120,0
DA:121,0
DA:122,0
DA:123,0
DA:125,0
DA:127,0
DA:128,0
DA:130,0
DA:134,0
DA:137,0
DA:138,0
DA:139,0
DA:140,0
DA:141,0
DA:142,0
DA:147,0
DA:149,0
DA:150,0
LF:49
LH:0
end_of_record
SF:lib/presentation/home/home_page.dart
DA:11,1
DA:13,1
DA:14,1
DA:21,1
DA:24,1
DA:25,1
DA:28,1
DA:29,1
DA:30,1
DA:31,2
DA:32,3
DA:33,1
DA:34,1
DA:35,1
DA:36,0
DA:37,0
DA:38,0
DA:41,1
DA:44,1
DA:46,1
DA:48,1
DA:52,1
DA:54,3
DA:61,1
DA:64,1
DA:73,1
DA:75,0
DA:76,0
DA:77,0
DA:78,0
DA:79,0
DA:80,0
DA:82,0
LF:33
LH:23
end_of_record
SF:lib/presentation/home/home_state.dart
DA:8,0
DA:9,0
DA:11,0
DA:12,0
DA:16,0
DA:17,0
DA:19,0
DA:20,0
DA:28,1
DA:30,0
DA:31,0
LF:11
LH:1
end_of_record
SF:lib/data/expenses/models/user_credential_model.dart
DA:4,0
DA:9,0
DA:13,0
DA:14,0
DA:21,0
DA:23,0
DA:24,0
DA:25,0
LF:8
LH:0
end_of_record
SF:lib/data/expenses/repository.dart
DA:13,0
DA:14,0
DA:15,0
DA:16,0
DA:17,0
DA:20,0
DA:23,0
DA:26,0
DA:27,0
DA:28,0
DA:29,0
DA:30,0
DA:34,0
DA:36,0
DA:39,0
DA:40,0
DA:41,0
DA:42,0
DA:43,0
DA:46,0
DA:50,0
DA:51,0
DA:52,0
DA:53,0
DA:54,0
DA:59,0
DA:60,0
DA:61,0
DA:62,0
DA:63,0
DA:66,0
DA:70,0
DA:71,0
DA:72,0
DA:73,0
DA:74,0
DA:75,0
DA:78,0
DA:79,0
DA:80,0
DA:81,0
DA:83,0
DA:84,0
DA:85,0
DA:86,0
DA:91,0
DA:92,0
DA:93,0
DA:94,0
DA:96,0
DA:97,0
DA:98,0
DA:99,0
DA:104,0
DA:107,0
DA:108,0
DA:109,0
DA:110,0
DA:113,0
DA:114,0
DA:115,0
DA:122,0
DA:123,0
DA:127,0
DA:128,0
DA:129,0
LF:66
LH:0
end_of_record
SF:lib/data/expenses/use_cases/clean_local_storage.dart
DA:5,0
DA:7,0
LF:2
LH:0
end_of_record
SF:lib/data/expenses/use_cases/delete_api_expense.dart
DA:5,0
DA:7,0
LF:2
LH:0
end_of_record
SF:lib/data/expenses/use_cases/delete_expense_local_storage.dart
DA:5,0
DA:7,0
LF:2
LH:0
end_of_record
SF:lib/data/expenses/use_cases/get_api_expenses.dart
DA:7,0
DA:9,0
LF:2
LH:0
end_of_record
SF:lib/data/expenses/use_cases/get_expense_local_storage.dart
DA:6,0
DA:8,0
LF:2
LH:0
end_of_record
SF:lib/data/expenses/use_cases/post_api_expense.dart
DA:7,0
DA:9,0
LF:2
LH:0
end_of_record
SF:lib/data/expenses/use_cases/save_expense_local_storage.dart
DA:6,0
DA:8,0
LF:2
LH:0
end_of_record
SF:lib/data/expenses/use_cases/set_api_authorization.dart
DA:5,0
DA:7,0
LF:2
LH:0
end_of_record
SF:lib/data/expenses/use_cases/update_api_expense.dart
DA:7,0
DA:9,0
LF:2
LH:0
end_of_record
SF:lib/data/expenses/use_cases/update_expense_local_storage.dart
DA:7,0
DA:9,0
LF:2
LH:0
end_of_record
SF:lib/data/system/localization_repository.dart
DA:5,0
DA:7,0
DA:8,0
DA:11,0
DA:13,0
DA:16,0
DA:18,0
DA:20,0
DA:21,0
DA:22,0
DA:27,0
LF:11
LH:0
end_of_record
SF:lib/data/system/network_connectivity_repository.dart
DA:10,0
DA:14,0
DA:15,0
DA:16,0
DA:22,0
DA:23,0
DA:24,0
DA:25,0
DA:26,0
DA:28,0
DA:29,0
DA:32,0
DA:35,0
DA:37,0
DA:40,0
DA:41,0
DA:42,0
DA:43,0
DA:44,0
DA:48,0
DA:51,0
DA:52,0
DA:53,0
DA:56,0
DA:59,0
LF:25
LH:0
end_of_record
SF:lib/data/system/use_cases/connection_stream.dart
DA:5,0
DA:9,0
DA:10,0
LF:3
LH:0
end_of_record
SF:lib/data/system/use_cases/get_localization.dart
DA:5,0
DA:9,0
LF:2
LH:0
end_of_record
SF:lib/presentation/home/home_event.dart
DA:6,0
DA:7,0
LF:2
LH:0
end_of_record
SF:lib/presentation/new_expense/new_expense_page.dart
DA:7,0
DA:12,0
DA:13,0
DA:32,0
DA:34,0
DA:35,0
DA:36,0
DA:37,0
DA:38,0
DA:39,0
DA:42,0
DA:44,0
DA:45,0
DA:48,0
DA:50,0
DA:51,0
DA:53,0
DA:54,0
DA:55,0
DA:56,0
DA:57,0
DA:58,0
DA:59,0
DA:67,0
DA:68,0
DA:69,0
DA:70,0
DA:72,0
DA:73,0
DA:74,0
DA:78,0
DA:79,0
DA:80,0
DA:81,0
DA:86,0
DA:92,0
DA:93,0
DA:94,0
DA:95,0
DA:96,0
DA:104,0
DA:105,0
DA:108,0
DA:109,0
DA:110,0
DA:111,0
DA:112,0
DA:120,0
DA:121,0
DA:124,0
DA:125,0
DA:126,0
DA:127,0
DA:128,0
DA:136,0
DA:137,0
DA:141,0
DA:142,0
DA:143,0
DA:144,0
DA:146,0
DA:147,0
DA:152,0
DA:165,0
DA:166,0
DA:170,0
LF:66
LH:0
end_of_record
